<?xml version="1.0" encoding="UTF-8"?>
<!-- Generated by org.testng.reporters.JUnitReportReporter -->
<testsuite skipped="0" hostname="Ravi" name="com.htc.orange.testcases.PIMAddReportTest" tests="3" failures="0" timestamp="17 Apr 2020 03:25:20 GMT" time="36.159" errors="0">
  <testcase name="T002_DashBoardTest" time="7.265" classname="com.htc.orange.testcases.PIMAddReportTest"/>
  <testcase name="T003_addReportTest" time="3.094" classname="com.htc.orange.testcases.PIMAddReportTest"/>
  <testcase name="T001_loginPageTest" time="25.800" classname="com.htc.orange.testcases.PIMAddReportTest"/>
</testsuite> <!-- com.htc.orange.testcases.PIMAddReportTest -->
