<?xml version="1.0" encoding="UTF-8"?>
<!-- Generated by org.testng.reporters.JUnitReportReporter -->
<testsuite skipped="0" hostname="Ravi" name="com.htc.orange.testcases.LeaveEntitlementTest" tests="3" failures="0" timestamp="17 Apr 2020 03:28:51 GMT" time="37.871" errors="0">
  <testcase name="T003_addEntitlementTest" time="0.942" classname="com.htc.orange.testcases.LeaveEntitlementTest"/>
  <testcase name="T002_DashBoardTest" time="16.816" classname="com.htc.orange.testcases.LeaveEntitlementTest"/>
  <testcase name="T001_loginPageTest" time="20.113" classname="com.htc.orange.testcases.LeaveEntitlementTest"/>
</testsuite> <!-- com.htc.orange.testcases.LeaveEntitlementTest -->
