<?xml version="1.0" encoding="UTF-8"?>
<!-- Generated by org.testng.reporters.JUnitReportReporter -->
<testsuite skipped="0" hostname="Ravi" name="com.htc.orange.testcases.LeaveConfigTest" tests="3" failures="0" timestamp="17 Apr 2020 04:03:41 GMT" time="45.797" errors="0">
  <testcase name="T002_DashBoardTest" time="11.449" classname="com.htc.orange.testcases.LeaveConfigTest"/>
  <testcase name="T003_addLeaveTypesTest" time="3.988" classname="com.htc.orange.testcases.LeaveConfigTest"/>
  <testcase name="T001_loginPageTest" time="30.360" classname="com.htc.orange.testcases.LeaveConfigTest"/>
</testsuite> <!-- com.htc.orange.testcases.LeaveConfigTest -->
