<?xml version="1.0" encoding="UTF-8"?>
<!-- Generated by org.testng.reporters.JUnitReportReporter -->
<testsuite skipped="0" hostname="Ravi" name="com.htc.orange.testcases.AdminTest" tests="4" failures="0" timestamp="17 Apr 2020 03:39:34 GMT" time="39.927" errors="0">
  <testcase name="T003_addUserTest" time="1.325" classname="com.htc.orange.testcases.AdminTest"/>
  <testcase name="T002_DashBoardTest" time="4.883" classname="com.htc.orange.testcases.AdminTest"/>
  <testcase name="T001_loginPageTest" time="31.441" classname="com.htc.orange.testcases.AdminTest"/>
  <testcase name="T004_searchUserTest" time="2.278" classname="com.htc.orange.testcases.AdminTest"/>
</testsuite> <!-- com.htc.orange.testcases.AdminTest -->
