<?xml version="1.0" encoding="UTF-8"?>
<!-- Generated by org.testng.reporters.JUnitReportReporter -->
<testsuite skipped="0" hostname="Ravi" name="com.htc.orange.testcases.PIMSearchEmpTest" tests="3" failures="0" timestamp="17 Apr 2020 03:26:13 GMT" time="37.365" errors="0">
  <testcase name="T002_DashBoardTest" time="4.654" classname="com.htc.orange.testcases.PIMSearchEmpTest"/>
  <testcase name="T003_searchEmpTest" time="2.207" classname="com.htc.orange.testcases.PIMSearchEmpTest"/>
  <testcase name="T001_loginPageTest" time="30.504" classname="com.htc.orange.testcases.PIMSearchEmpTest"/>
</testsuite> <!-- com.htc.orange.testcases.PIMSearchEmpTest -->
