<?xml version="1.0" encoding="UTF-8"?>
<!-- Generated by org.testng.reporters.JUnitReportReporter -->
<testsuite skipped="0" hostname="Ravi" name="com.htc.orange.testcases.PIMSearchReportTest" tests="3" failures="0" timestamp="17 Apr 2020 03:26:59 GMT" time="35.034" errors="0">
  <testcase name="T002_DashBoardTest" time="3.785" classname="com.htc.orange.testcases.PIMSearchReportTest"/>
  <testcase name="T003_searchReportTest" time="2.608" classname="com.htc.orange.testcases.PIMSearchReportTest"/>
  <testcase name="T001_loginPageTest" time="28.641" classname="com.htc.orange.testcases.PIMSearchReportTest"/>
</testsuite> <!-- com.htc.orange.testcases.PIMSearchReportTest -->
