<?xml version="1.0" encoding="UTF-8"?>
<!-- Generated by org.testng.reporters.JUnitReportReporter -->
<testsuite skipped="0" hostname="Ravi" name="com.htc.orange.testcases.LeaveListTest" tests="3" failures="0" timestamp="17 Apr 2020 04:11:13 GMT" time="100.715" errors="0">
  <testcase name="T002_DashBoardTest" time="8.715" classname="com.htc.orange.testcases.LeaveListTest"/>
  <testcase name="T003_addLeavelistTest" time="26.438" classname="com.htc.orange.testcases.LeaveListTest"/>
  <testcase name="T001_loginPageTest" time="65.562" classname="com.htc.orange.testcases.LeaveListTest"/>
</testsuite> <!-- com.htc.orange.testcases.LeaveListTest -->
