<?xml version="1.0" encoding="UTF-8"?>
<!-- Generated by org.testng.reporters.JUnitReportReporter -->
<testsuite skipped="0" hostname="Ravi" name="com.htc.orange.testcases.AssignleaveTest" tests="3" failures="0" timestamp="17 Apr 2020 04:02:24 GMT" time="48.866" errors="0">
  <testcase name="assignPageTest" time="4.808" classname="com.htc.orange.testcases.AssignleaveTest"/>
  <testcase name="DashBoardTest" time="10.010" classname="com.htc.orange.testcases.AssignleaveTest"/>
  <testcase name="loginPageTest" time="34.048" classname="com.htc.orange.testcases.AssignleaveTest"/>
</testsuite> <!-- com.htc.orange.testcases.AssignleaveTest -->
