<?xml version="1.0" encoding="UTF-8"?>
<!-- Generated by org.testng.reporters.JUnitReportReporter -->
<testsuite skipped="0" hostname="Ravi" name="com.htc.orange.testcases.LeaveReportTest" tests="3" failures="0" timestamp="17 Apr 2020 03:20:56 GMT" time="42.170" errors="0">
  <testcase name="T002_DashBoardTest" time="7.213" classname="com.htc.orange.testcases.LeaveReportTest"/>
  <testcase name="T003_LeaveReportTest" time="12.782" classname="com.htc.orange.testcases.LeaveReportTest"/>
  <testcase name="T001_loginPageTest" time="22.175" classname="com.htc.orange.testcases.LeaveReportTest"/>
</testsuite> <!-- com.htc.orange.testcases.LeaveReportTest -->
